生成启动时间为 2012/10/30 12:54:36。
     1>项目“c:\Users\朱建\documents\visual studio 2010\Projects\MeshEditor\MeshEditor\MeshEditor.vcxproj”在节点 2 上(build 个目标)。
     1>InitializeBuildStatus:
         正在创建“Debug\MeshEditor.unsuccessfulbuild”，因为已指定“AlwaysCreate”。
       ClCompile:
         所有输出均为最新。
         C:\Program Files\Microsoft Visual Studio 10.0\VC\bin\CL.exe /c /ZI /nologo /W3 /WX- /Od /Oy- /D WIN32 /D _WINDOWS /D _DEBUG /D _MBCS /D _AFXDLL /Gm /EHsc /RTC1 /MDd /GS /fp:precise /Zc:wchar_t /Zc:forScope /Yu"StdAfx.h" /Fp"Debug\MeshEditor.pch" /Fo"Debug\\" /Fd"Debug\vc100.pdb" /Gd /TP /analyze- /errorReport:prompt MeshEditorDoc.cpp
         MeshEditorDoc.cpp
       ResourceCompile:
         所有输出均为最新。
       ManifestResourceCompile:
         所有输出均为最新。
       Link:
         C:\Program Files\Microsoft Visual Studio 10.0\VC\bin\link.exe /ERRORREPORT:PROMPT /OUT:"c:\users\朱建\documents\visual studio 2010\Projects\MeshEditor\Debug\MeshEditor.exe" /INCREMENTAL /NOLOGO /MANIFEST /ManifestFile:"Debug\MeshEditor.exe.intermediate.manifest" /MANIFESTUAC:"level='asInvoker' uiAccess='false'" /DEBUG /PDB:"c:\users\朱建\documents\visual studio 2010\Projects\MeshEditor\Debug\MeshEditor.pdb" /SUBSYSTEM:WINDOWS /TLBID:1 /DYNAMICBASE /NXCOMPAT /IMPLIB:"c:\users\朱建\documents\visual studio 2010\Projects\MeshEditor\Debug\MeshEditor.lib" /MACHINE:X86 Debug\MeshEditor.res
         Debug\MeshEditor.exe.embed.manifest.res
         Debug\ChildFrm.obj
         Debug\FileManager.obj
         Debug\MainFrm.obj
         Debug\MeshEditor.obj
         Debug\MeshEditorDoc.obj
         Debug\MeshEditorView.obj
         Debug\ParameterSetDlg2.obj
         Debug\PBCG.obj
         Debug\PolyMesh.obj
         Debug\ProcessViewerDlg.obj
         Debug\Smoother.obj
         Debug\stdafx.obj
       Manifest:
         C:\Program Files\Microsoft SDKs\Windows\v7.0A\bin\mt.exe /nologo /verbose /out:"Debug\MeshEditor.exe.embed.manifest" /manifest Debug\MeshEditor.exe.intermediate.manifest "C:\Program Files\Microsoft Visual Studio 10.0\VC\Include\Manifest\dpiaware.manifest"
         所有输出均为最新。
       LinkEmbedManifest:
         所有输出均为最新。
         MeshEditor.vcxproj -> c:\users\朱建\documents\visual studio 2010\Projects\MeshEditor\Debug\MeshEditor.exe
       FinalizeBuildStatus:
         正在删除文件“Debug\MeshEditor.unsuccessfulbuild”。
         正在对“Debug\MeshEditor.lastbuildstate”执行 Touch 任务。
     1>已完成生成项目“c:\Users\朱建\documents\visual studio 2010\Projects\MeshEditor\MeshEditor\MeshEditor.vcxproj”(build 个目标)的操作。

生成成功。

已用时间 00:00:13.03
